00000000
00000000
00000000
00000000
00000000
00000000
00000000
00000000
00000000
47908033
475da698
00000000
00000000
00000000
00000000
00000000
00000000
00000000
00000000
00000000
00000000
4734f075
00000000
00000000
00000000
00000000
46ee5ff5
00000000
478b4a71
00000000
00000000
00000000
00000000
00000000
00000000
00000000
00000000
00000000
00000000
00000000
00000000
00000000
00000000
00000000
00000000
00000000
00000000
45fec835
00000000
00000000
00000000
00000000
460c129a
00000000
00000000
00000000
00000000
00000000
00000000
00000000
4789a85e
00000000
00000000
00000000
00000000
00000000
00000000
00000000
00000000
00000000
45a0ed1a
00000000
00000000
00000000
00000000
00000000
00000000
00000000
00000000
00000000
00000000
00000000
46aec477
00000000
00000000
00000000
00000000
00000000
00000000
00000000
00000000
00000000
00000000
00000000
00000000
00000000
00000000
00000000
00000000
4710ab4a
00000000
00000000
00000000
00000000
00000000
4704147e
00000000
47b76ad3
00000000
00000000
00000000
00000000
00000000
00000000
00000000
00000000
00000000
00000000
00000000
00000000
00000000
00000000
00000000
00000000
00000000
00000000
47ae1e9e
00000000
00000000
00000000
00000000
00000000
00000000
00000000
00000000
00000000
00000000
00000000
00000000
00000000
00000000
45873ed3
00000000
00000000
00000000
00000000
47848fe9
00000000
00000000
00000000
00000000
00000000
00000000
00000000
00000000
00000000
00000000
00000000
00000000
00000000
00000000
00000000
00000000
00000000
00000000
00000000
00000000
47a22164
00000000
476b6550
00000000
00000000
00000000
00000000
00000000
00000000
00000000
00000000
00000000
00000000
00000000
00000000
00000000
00000000
00000000
46210728
00000000
00000000
00000000
00000000
00000000
00000000
00000000
00000000
00000000
00000000
00000000
00000000
00000000
00000000
00000000
47bc1a7d
00000000
00000000
4796e3a8
00000000
00000000
00000000
00000000
00000000
00000000
00000000
00000000
00000000
00000000
00000000
00000000
00000000
4768f02e
00000000
00000000
00000000
00000000
00000000
00000000
00000000
00000000
00000000
00000000
00000000
00000000
00000000
00000000
464e5b5c
00000000
00000000
00000000
00000000
00000000
00000000
00000000
00000000
00000000
00000000
00000000
00000000
00000000
00000000
00000000
00000000
00000000
00000000
00000000
00000000
00000000
00000000
00000000
00000000
00000000
00000000
00000000
00000000
00000000
00000000
00000000
00000000
00000000
00000000
00000000
00000000
00000000
00000000
00000000
00000000
00000000
00000000
00000000
00000000
00000000
47a864ba
475d4c8f
00000000
00000000
00000000
00000000
00000000
00000000
00000000
00000000
47a44414
00000000
00000000
00000000
00000000
00000000
00000000
00000000
00000000
00000000
00000000
